May 22, 2020 02:43:47 pm : (run Query) : SQLSTATE[42000]: Syntax error or access violation: 1064 You have an error in your SQL syntax; check the manual that corresponds to your MariaDB server version for the right syntax to use near ''Staff') default 'Staff',
          status enum('Active', 'Passive') default 'P' at line 10May 22, 2020 02:43:48 pm : (run Query) : SQLSTATE[42S02]: Base table or view not found: 1146 Table 'magazine.users' doesn't existMay 22, 2020 02:45:29 pm : (run Query) : SQLSTATE[42000]: Syntax error or access violation: 1064 You have an error in your SQL syntax; check the manual that corresponds to your MariaDB server version for the right syntax to use near ''Staff') default 'Staff',
          status enum('Active', 'Passive') default 'P' at line 10May 22, 2020 02:45:29 pm : (run Query) : SQLSTATE[42S02]: Base table or view not found: 1146 Table 'magazine.users' doesn't existMay 24, 2020 02:46:07 pm : (run Query) : SQLSTATE[23000]: Integrity constraint violation: 1062 Duplicate entry 'admin@magazine.com' for key 'email'
May 24, 2020 02:47:05 pm : (run Query) : SQLSTATE[23000]: Integrity constraint violation: 1062 Duplicate entry 'admin@magazine.com' for key 'email'
May 24, 2020 02:54:17 pm : (run Query) : SQLSTATE[23000]: Integrity constraint violation: 1062 Duplicate entry 'admin@magazine.com' for key 'email'
May 29, 2020 09:58:00 am : (run Query) : SQLSTATE[23000]: Integrity constraint violation: 1062 Duplicate entry 'admin@magazine.com' for key 'email'
May 29, 2020 09:58:46 am : (run Query) : SQLSTATE[23000]: Integrity constraint violation: 1062 Duplicate entry 'admin@magazine.com' for key 'email'
May 29, 2020 02:57:30 pm : (run Query database) : SQLSTATE[23000]: Integrity constraint violation: 1062 Duplicate entry 'admin@magazine.com' for key 'email'
May 30, 2020 12:03:57 pm : (run Query database) : SQLSTATE[23000]: Integrity constraint violation: 1062 Duplicate entry 'admin@magazine.com' for key 'email'
May 30, 2020 12:13:54 pm : (addData) : SQLSTATE[42S22]: Column not found: 1054 Unknown column 'status' in 'where clause'
May 30, 2020 12:21:37 pm : (addData) : SQLSTATE[42S22]: Column not found: 1054 Unknown column 'status' in 'where clause'
May 30, 2020 12:22:13 pm : (addData) : SQLSTATE[42S22]: Column not found: 1054 Unknown column 'status' in 'where clause'
May 30, 2020 12:22:32 pm : (addData) : SQLSTATE[42S22]: Column not found: 1054 Unknown column 'status' in 'where clause'
May 30, 2020 12:33:46 pm : (addData) : SQLSTATE[42S22]: Column not found: 1054 Unknown column 'status' in 'where clause'
May 30, 2020 12:40:24 pm : (addData) : SQLSTATE[42S22]: Column not found: 1054 Unknown column 'status' in 'where clause'
May 30, 2020 12:40:48 pm : (addData) : SQLSTATE[42S22]: Column not found: 1054 Unknown column 'status' in 'where clause'
May 30, 2020 01:01:45 pm : (run Query database) : SQLSTATE[23000]: Integrity constraint violation: 1062 Duplicate entry 'admin@magazine.com' for key 'email'
May 30, 2020 01:13:39 pm : (addData) : SQLSTATE[42S22]: Column not found: 1054 Unknown column 'id' in 'order clause'
May 30, 2020 01:16:59 pm : (run Query database) : SQLSTATE[23000]: Integrity constraint violation: 1062 Duplicate entry 'admin@magazine.com' for key 'email'
May 30, 2020 01:26:28 pm : (run Query database) : SQLSTATE[23000]: Integrity constraint violation: 1062 Duplicate entry 'admin@magazine.com' for key 'email'
May 30, 2020 09:27:03 pm : (run Query database) : SQLSTATE[23000]: Integrity constraint violation: 1062 Duplicate entry 'admin@magazine.com' for key 'email'
